[0.011s] Invoking command in '/home/ubuntu/hashtag/udemy_project/ros2_workspace/build/my_robot_description': CMAKE_PREFIX_PATH=${CMAKE_PREFIX_PATH}:/home/ubuntu/hashtag/ros2_ws/install/my_robot_controller:/opt/ros/humble PROMPT_COMMAND=history -a; history -n; history -a; history -n; history -a; history -n; /usr/bin/cmake --build /home/ubuntu/hashtag/udemy_project/ros2_workspace/build/my_robot_description -- -j4 -l4
[0.057s] Invoked command in '/home/ubuntu/hashtag/udemy_project/ros2_workspace/build/my_robot_description' returned '0': CMAKE_PREFIX_PATH=${CMAKE_PREFIX_PATH}:/home/ubuntu/hashtag/ros2_ws/install/my_robot_controller:/opt/ros/humble PROMPT_COMMAND=history -a; history -n; history -a; history -n; history -a; history -n; /usr/bin/cmake --build /home/ubuntu/hashtag/udemy_project/ros2_workspace/build/my_robot_description -- -j4 -l4
[0.089s] Invoking command in '/home/ubuntu/hashtag/udemy_project/ros2_workspace/build/my_robot_description': CMAKE_PREFIX_PATH=${CMAKE_PREFIX_PATH}:/home/ubuntu/hashtag/ros2_ws/install/my_robot_controller:/opt/ros/humble PROMPT_COMMAND=history -a; history -n; history -a; history -n; history -a; history -n; /usr/bin/cmake --install /home/ubuntu/hashtag/udemy_project/ros2_workspace/build/my_robot_description
[0.094s] -- Install configuration: ""
[0.094s] -- Up-to-date: /home/ubuntu/hashtag/udemy_project/ros2_workspace/install/my_robot_description/share/my_robot_description//urdf
[0.095s] -- Installing: /home/ubuntu/hashtag/udemy_project/ros2_workspace/install/my_robot_description/share/my_robot_description//urdf/my_robot.urdf
[0.095s] -- Up-to-date: /home/ubuntu/hashtag/udemy_project/ros2_workspace/install/my_robot_description/share/my_robot_description//launch
[0.095s] -- Up-to-date: /home/ubuntu/hashtag/udemy_project/ros2_workspace/install/my_robot_description/share/my_robot_description//launch/display.launch.xml
[0.095s] -- Up-to-date: /home/ubuntu/hashtag/udemy_project/ros2_workspace/install/my_robot_description/share/ament_index/resource_index/package_run_dependencies/my_robot_description
[0.095s] -- Up-to-date: /home/ubuntu/hashtag/udemy_project/ros2_workspace/install/my_robot_description/share/ament_index/resource_index/parent_prefix_path/my_robot_description
[0.095s] -- Up-to-date: /home/ubuntu/hashtag/udemy_project/ros2_workspace/install/my_robot_description/share/my_robot_description/environment/ament_prefix_path.sh
[0.095s] -- Up-to-date: /home/ubuntu/hashtag/udemy_project/ros2_workspace/install/my_robot_description/share/my_robot_description/environment/ament_prefix_path.dsv
[0.095s] -- Up-to-date: /home/ubuntu/hashtag/udemy_project/ros2_workspace/install/my_robot_description/share/my_robot_description/environment/path.sh
[0.095s] -- Up-to-date: /home/ubuntu/hashtag/udemy_project/ros2_workspace/install/my_robot_description/share/my_robot_description/environment/path.dsv
[0.095s] -- Up-to-date: /home/ubuntu/hashtag/udemy_project/ros2_workspace/install/my_robot_description/share/my_robot_description/local_setup.bash
[0.095s] -- Up-to-date: /home/ubuntu/hashtag/udemy_project/ros2_workspace/install/my_robot_description/share/my_robot_description/local_setup.sh
[0.095s] -- Up-to-date: /home/ubuntu/hashtag/udemy_project/ros2_workspace/install/my_robot_description/share/my_robot_description/local_setup.zsh
[0.095s] -- Up-to-date: /home/ubuntu/hashtag/udemy_project/ros2_workspace/install/my_robot_description/share/my_robot_description/local_setup.dsv
[0.095s] -- Up-to-date: /home/ubuntu/hashtag/udemy_project/ros2_workspace/install/my_robot_description/share/my_robot_description/package.dsv
[0.095s] -- Up-to-date: /home/ubuntu/hashtag/udemy_project/ros2_workspace/install/my_robot_description/share/ament_index/resource_index/packages/my_robot_description
[0.095s] -- Up-to-date: /home/ubuntu/hashtag/udemy_project/ros2_workspace/install/my_robot_description/share/my_robot_description/cmake/my_robot_descriptionConfig.cmake
[0.096s] -- Up-to-date: /home/ubuntu/hashtag/udemy_project/ros2_workspace/install/my_robot_description/share/my_robot_description/cmake/my_robot_descriptionConfig-version.cmake
[0.096s] -- Up-to-date: /home/ubuntu/hashtag/udemy_project/ros2_workspace/install/my_robot_description/share/my_robot_description/package.xml
[0.097s] Invoked command in '/home/ubuntu/hashtag/udemy_project/ros2_workspace/build/my_robot_description' returned '0': CMAKE_PREFIX_PATH=${CMAKE_PREFIX_PATH}:/home/ubuntu/hashtag/ros2_ws/install/my_robot_controller:/opt/ros/humble PROMPT_COMMAND=history -a; history -n; history -a; history -n; history -a; history -n; /usr/bin/cmake --install /home/ubuntu/hashtag/udemy_project/ros2_workspace/build/my_robot_description
