[0.009s] Invoking command in '/home/ubuntu/hashtag/udemy_project/ros2_workspace/build/my_robot_description': CMAKE_PREFIX_PATH=/home/ubuntu/hashtag/ros2_ws/install/my_robot_controller:/opt/ros/humble PROMPT_COMMAND=history -a; history -n; history -a; history -n; /usr/bin/cmake /home/ubuntu/hashtag/udemy_project/ros2_workspace/src/my_robot_description -DCMAKE_INSTALL_PREFIX=/home/ubuntu/hashtag/udemy_project/ros2_workspace/install/my_robot_description
[0.278s] -- The C compiler identification is GNU 11.4.0
[0.426s] -- The CXX compiler identification is GNU 11.4.0
[0.461s] -- Detecting C compiler ABI info
[0.554s] -- Detecting C compiler ABI info - done
[0.563s] -- Check for working C compiler: /usr/bin/cc - skipped
[0.563s] -- Detecting C compile features
[0.564s] -- Detecting C compile features - done
[0.569s] -- Detecting CXX compiler ABI info
[0.651s] -- Detecting CXX compiler ABI info - done
[0.659s] -- Check for working CXX compiler: /usr/bin/c++ - skipped
[0.660s] -- Detecting CXX compile features
[0.660s] -- Detecting CXX compile features - done
[0.669s] -- Found ament_cmake: 1.3.9 (/opt/ros/humble/share/ament_cmake/cmake)
[0.814s] -- Found Python3: /usr/bin/python3 (found version "3.10.12") found components: Interpreter 
[0.981s] -- Configuring done
[0.984s] -- Generating done
[0.985s] -- Build files have been written to: /home/ubuntu/hashtag/udemy_project/ros2_workspace/build/my_robot_description
[0.991s] Invoked command in '/home/ubuntu/hashtag/udemy_project/ros2_workspace/build/my_robot_description' returned '0': CMAKE_PREFIX_PATH=/home/ubuntu/hashtag/ros2_ws/install/my_robot_controller:/opt/ros/humble PROMPT_COMMAND=history -a; history -n; history -a; history -n; /usr/bin/cmake /home/ubuntu/hashtag/udemy_project/ros2_workspace/src/my_robot_description -DCMAKE_INSTALL_PREFIX=/home/ubuntu/hashtag/udemy_project/ros2_workspace/install/my_robot_description
[0.992s] Invoking command in '/home/ubuntu/hashtag/udemy_project/ros2_workspace/build/my_robot_description': CMAKE_PREFIX_PATH=/home/ubuntu/hashtag/ros2_ws/install/my_robot_controller:/opt/ros/humble PROMPT_COMMAND=history -a; history -n; history -a; history -n; /usr/bin/cmake --build /home/ubuntu/hashtag/udemy_project/ros2_workspace/build/my_robot_description -- -j4 -l4
[1.016s] Invoked command in '/home/ubuntu/hashtag/udemy_project/ros2_workspace/build/my_robot_description' returned '0': CMAKE_PREFIX_PATH=/home/ubuntu/hashtag/ros2_ws/install/my_robot_controller:/opt/ros/humble PROMPT_COMMAND=history -a; history -n; history -a; history -n; /usr/bin/cmake --build /home/ubuntu/hashtag/udemy_project/ros2_workspace/build/my_robot_description -- -j4 -l4
[1.040s] Invoking command in '/home/ubuntu/hashtag/udemy_project/ros2_workspace/build/my_robot_description': CMAKE_PREFIX_PATH=/home/ubuntu/hashtag/ros2_ws/install/my_robot_controller:/opt/ros/humble PROMPT_COMMAND=history -a; history -n; history -a; history -n; /usr/bin/cmake --install /home/ubuntu/hashtag/udemy_project/ros2_workspace/build/my_robot_description
[1.048s] -- Install configuration: ""
[1.048s] -- Installing: /home/ubuntu/hashtag/udemy_project/ros2_workspace/install/my_robot_description/share/my_robot_description//urdf
[1.049s] -- Installing: /home/ubuntu/hashtag/udemy_project/ros2_workspace/install/my_robot_description/share/my_robot_description//urdf/my_robot.urdf
[1.049s] -- Installing: /home/ubuntu/hashtag/udemy_project/ros2_workspace/install/my_robot_description/share/ament_index/resource_index/package_run_dependencies/my_robot_description
[1.049s] -- Installing: /home/ubuntu/hashtag/udemy_project/ros2_workspace/install/my_robot_description/share/ament_index/resource_index/parent_prefix_path/my_robot_description
[1.050s] -- Installing: /home/ubuntu/hashtag/udemy_project/ros2_workspace/install/my_robot_description/share/my_robot_description/environment/ament_prefix_path.sh
[1.050s] -- Installing: /home/ubuntu/hashtag/udemy_project/ros2_workspace/install/my_robot_description/share/my_robot_description/environment/ament_prefix_path.dsv
[1.050s] -- Installing: /home/ubuntu/hashtag/udemy_project/ros2_workspace/install/my_robot_description/share/my_robot_description/environment/path.sh
[1.050s] -- Installing: /home/ubuntu/hashtag/udemy_project/ros2_workspace/install/my_robot_description/share/my_robot_description/environment/path.dsv
[1.050s] -- Installing: /home/ubuntu/hashtag/udemy_project/ros2_workspace/install/my_robot_description/share/my_robot_description/local_setup.bash
[1.050s] -- Installing: /home/ubuntu/hashtag/udemy_project/ros2_workspace/install/my_robot_description/share/my_robot_description/local_setup.sh
[1.050s] -- Installing: /home/ubuntu/hashtag/udemy_project/ros2_workspace/install/my_robot_description/share/my_robot_description/local_setup.zsh
[1.050s] -- Installing: /home/ubuntu/hashtag/udemy_project/ros2_workspace/install/my_robot_description/share/my_robot_description/local_setup.dsv
[1.050s] -- Installing: /home/ubuntu/hashtag/udemy_project/ros2_workspace/install/my_robot_description/share/my_robot_description/package.dsv
[1.050s] -- Installing: /home/ubuntu/hashtag/udemy_project/ros2_workspace/install/my_robot_description/share/ament_index/resource_index/packages/my_robot_description
[1.050s] -- Installing: /home/ubuntu/hashtag/udemy_project/ros2_workspace/install/my_robot_description/share/my_robot_description/cmake/my_robot_descriptionConfig.cmake
[1.050s] -- Installing: /home/ubuntu/hashtag/udemy_project/ros2_workspace/install/my_robot_description/share/my_robot_description/cmake/my_robot_descriptionConfig-version.cmake
[1.051s] -- Installing: /home/ubuntu/hashtag/udemy_project/ros2_workspace/install/my_robot_description/share/my_robot_description/package.xml
[1.052s] Invoked command in '/home/ubuntu/hashtag/udemy_project/ros2_workspace/build/my_robot_description' returned '0': CMAKE_PREFIX_PATH=/home/ubuntu/hashtag/ros2_ws/install/my_robot_controller:/opt/ros/humble PROMPT_COMMAND=history -a; history -n; history -a; history -n; /usr/bin/cmake --install /home/ubuntu/hashtag/udemy_project/ros2_workspace/build/my_robot_description
