[0.105s] DEBUG:colcon:Command line arguments: ['/usr/bin/colcon', 'build']
[0.105s] DEBUG:colcon:Parsed command line arguments: Namespace(log_base=None, log_level=None, verb_name='build', build_base='build', install_base='install', merge_install=False, symlink_install=False, test_result_base=None, continue_on_error=False, executor='parallel', parallel_workers=4, event_handlers=None, ignore_user_meta=False, metas=['./colcon.meta'], base_paths=['.'], packages_ignore=None, packages_ignore_regex=None, paths=None, packages_up_to=None, packages_up_to_regex=None, packages_above=None, packages_above_and_dependencies=None, packages_above_depth=None, packages_select_by_dep=None, packages_skip_by_dep=None, packages_skip_up_to=None, packages_select_build_failed=False, packages_skip_build_finished=False, packages_select_test_failures=False, packages_skip_test_passed=False, packages_select=None, packages_skip=None, packages_select_regex=None, packages_skip_regex=None, packages_start=None, packages_end=None, allow_overriding=[], cmake_args=None, cmake_target=None, cmake_target_skip_unavailable=False, cmake_clean_cache=False, cmake_clean_first=False, cmake_force_configure=False, ament_cmake_args=None, catkin_cmake_args=None, catkin_skip_building_tests=False, mixin_files=None, mixin=None, verb_parser=<colcon_mixin.mixin.mixin_argument.MixinArgumentDecorator object at 0xffff7face8f0>, verb_extension=<colcon_core.verb.build.BuildVerb object at 0xffff7face410>, main=<bound method BuildVerb.main of <colcon_core.verb.build.BuildVerb object at 0xffff7face410>>, mixin_verb=('build',))
[0.263s] Level 1:colcon.colcon_core.package_discovery:discover_packages(colcon_meta) check parameters
[0.263s] Level 1:colcon.colcon_core.package_discovery:discover_packages(recursive) check parameters
[0.263s] Level 1:colcon.colcon_core.package_discovery:discover_packages(ignore) check parameters
[0.263s] Level 1:colcon.colcon_core.package_discovery:discover_packages(path) check parameters
[0.263s] Level 1:colcon.colcon_core.package_discovery:discover_packages(colcon_meta) discover
[0.264s] Level 1:colcon.colcon_core.package_discovery:discover_packages(recursive) discover
[0.264s] INFO:colcon.colcon_core.package_discovery:Crawling recursively for packages in '/home/ubuntu/hashtag/udemy_project/ros2_workspace'
[0.264s] Level 1:colcon.colcon_core.package_identification:_identify(.) by extensions ['ignore', 'ignore_ament_install']
[0.264s] Level 1:colcon.colcon_core.package_identification:_identify(.) by extension 'ignore'
[0.264s] Level 1:colcon.colcon_core.package_identification:_identify(.) by extension 'ignore_ament_install'
[0.264s] Level 1:colcon.colcon_core.package_identification:_identify(.) by extensions ['colcon_pkg']
[0.264s] Level 1:colcon.colcon_core.package_identification:_identify(.) by extension 'colcon_pkg'
[0.264s] Level 1:colcon.colcon_core.package_identification:_identify(.) by extensions ['colcon_meta']
[0.264s] Level 1:colcon.colcon_core.package_identification:_identify(.) by extension 'colcon_meta'
[0.264s] Level 1:colcon.colcon_core.package_identification:_identify(.) by extensions ['ros']
[0.264s] Level 1:colcon.colcon_core.package_identification:_identify(.) by extension 'ros'
[0.276s] Level 1:colcon.colcon_core.package_identification:_identify(.) by extensions ['cmake', 'python']
[0.276s] Level 1:colcon.colcon_core.package_identification:_identify(.) by extension 'cmake'
[0.276s] Level 1:colcon.colcon_core.package_identification:_identify(.) by extension 'python'
[0.276s] Level 1:colcon.colcon_core.package_identification:_identify(.) by extensions ['python_setup_py']
[0.276s] Level 1:colcon.colcon_core.package_identification:_identify(.) by extension 'python_setup_py'
[0.277s] Level 1:colcon.colcon_core.package_identification:_identify(build) by extensions ['ignore', 'ignore_ament_install']
[0.277s] Level 1:colcon.colcon_core.package_identification:_identify(build) by extension 'ignore'
[0.277s] Level 1:colcon.colcon_core.package_identification:_identify(build) ignored
[0.277s] Level 1:colcon.colcon_core.package_identification:_identify(install) by extensions ['ignore', 'ignore_ament_install']
[0.277s] Level 1:colcon.colcon_core.package_identification:_identify(install) by extension 'ignore'
[0.277s] Level 1:colcon.colcon_core.package_identification:_identify(install) ignored
[0.277s] Level 1:colcon.colcon_core.package_identification:_identify(log) by extensions ['ignore', 'ignore_ament_install']
[0.277s] Level 1:colcon.colcon_core.package_identification:_identify(log) by extension 'ignore'
[0.277s] Level 1:colcon.colcon_core.package_identification:_identify(log) ignored
[0.277s] Level 1:colcon.colcon_core.package_identification:_identify(src) by extensions ['ignore', 'ignore_ament_install']
[0.277s] Level 1:colcon.colcon_core.package_identification:_identify(src) by extension 'ignore'
[0.277s] Level 1:colcon.colcon_core.package_identification:_identify(src) by extension 'ignore_ament_install'
[0.277s] Level 1:colcon.colcon_core.package_identification:_identify(src) by extensions ['colcon_pkg']
[0.277s] Level 1:colcon.colcon_core.package_identification:_identify(src) by extension 'colcon_pkg'
[0.277s] Level 1:colcon.colcon_core.package_identification:_identify(src) by extensions ['colcon_meta']
[0.277s] Level 1:colcon.colcon_core.package_identification:_identify(src) by extension 'colcon_meta'
[0.277s] Level 1:colcon.colcon_core.package_identification:_identify(src) by extensions ['ros']
[0.277s] Level 1:colcon.colcon_core.package_identification:_identify(src) by extension 'ros'
[0.277s] Level 1:colcon.colcon_core.package_identification:_identify(src) by extensions ['cmake', 'python']
[0.277s] Level 1:colcon.colcon_core.package_identification:_identify(src) by extension 'cmake'
[0.277s] Level 1:colcon.colcon_core.package_identification:_identify(src) by extension 'python'
[0.278s] Level 1:colcon.colcon_core.package_identification:_identify(src) by extensions ['python_setup_py']
[0.278s] Level 1:colcon.colcon_core.package_identification:_identify(src) by extension 'python_setup_py'
[0.278s] Level 1:colcon.colcon_core.package_identification:_identify(src/my_robot_description) by extensions ['ignore', 'ignore_ament_install']
[0.278s] Level 1:colcon.colcon_core.package_identification:_identify(src/my_robot_description) by extension 'ignore'
[0.278s] Level 1:colcon.colcon_core.package_identification:_identify(src/my_robot_description) by extension 'ignore_ament_install'
[0.278s] Level 1:colcon.colcon_core.package_identification:_identify(src/my_robot_description) by extensions ['colcon_pkg']
[0.278s] Level 1:colcon.colcon_core.package_identification:_identify(src/my_robot_description) by extension 'colcon_pkg'
[0.278s] Level 1:colcon.colcon_core.package_identification:_identify(src/my_robot_description) by extensions ['colcon_meta']
[0.278s] Level 1:colcon.colcon_core.package_identification:_identify(src/my_robot_description) by extension 'colcon_meta'
[0.278s] Level 1:colcon.colcon_core.package_identification:_identify(src/my_robot_description) by extensions ['ros']
[0.278s] Level 1:colcon.colcon_core.package_identification:_identify(src/my_robot_description) by extension 'ros'
[0.280s] DEBUG:colcon.colcon_core.package_identification:Package 'src/my_robot_description' with type 'ros.ament_cmake' and name 'my_robot_description'
[0.280s] Level 1:colcon.colcon_core.package_discovery:discover_packages(recursive) using defaults
[0.280s] Level 1:colcon.colcon_core.package_discovery:discover_packages(ignore) discover
[0.280s] Level 1:colcon.colcon_core.package_discovery:discover_packages(ignore) using defaults
[0.280s] Level 1:colcon.colcon_core.package_discovery:discover_packages(path) discover
[0.280s] Level 1:colcon.colcon_core.package_discovery:discover_packages(path) using defaults
[0.307s] Level 1:colcon.colcon_core.package_discovery:discover_packages(prefix_path) check parameters
[0.307s] Level 1:colcon.colcon_core.package_discovery:discover_packages(prefix_path) discover
[0.309s] DEBUG:colcon.colcon_installed_package_information.package_discovery:Found 1 installed packages in /home/ubuntu/hashtag/udemy_project/ros2_workspace/install
[0.309s] DEBUG:colcon.colcon_installed_package_information.package_discovery:Found 1 installed packages in /home/ubuntu/hashtag/ros2_ws/install
[0.310s] DEBUG:colcon.colcon_installed_package_information.package_discovery:Found 275 installed packages in /opt/ros/humble
[0.312s] Level 1:colcon.colcon_core.package_discovery:discover_packages(prefix_path) using defaults
[0.349s] Level 5:colcon.colcon_core.verb:set package 'my_robot_description' build argument 'cmake_args' from command line to 'None'
[0.349s] Level 5:colcon.colcon_core.verb:set package 'my_robot_description' build argument 'cmake_target' from command line to 'None'
[0.349s] Level 5:colcon.colcon_core.verb:set package 'my_robot_description' build argument 'cmake_target_skip_unavailable' from command line to 'False'
[0.349s] Level 5:colcon.colcon_core.verb:set package 'my_robot_description' build argument 'cmake_clean_cache' from command line to 'False'
[0.349s] Level 5:colcon.colcon_core.verb:set package 'my_robot_description' build argument 'cmake_clean_first' from command line to 'False'
[0.349s] Level 5:colcon.colcon_core.verb:set package 'my_robot_description' build argument 'cmake_force_configure' from command line to 'False'
[0.349s] Level 5:colcon.colcon_core.verb:set package 'my_robot_description' build argument 'ament_cmake_args' from command line to 'None'
[0.349s] Level 5:colcon.colcon_core.verb:set package 'my_robot_description' build argument 'catkin_cmake_args' from command line to 'None'
[0.349s] Level 5:colcon.colcon_core.verb:set package 'my_robot_description' build argument 'catkin_skip_building_tests' from command line to 'False'
[0.349s] DEBUG:colcon.colcon_core.verb:Building package 'my_robot_description' with the following arguments: {'ament_cmake_args': None, 'build_base': '/home/ubuntu/hashtag/udemy_project/ros2_workspace/build/my_robot_description', 'catkin_cmake_args': None, 'catkin_skip_building_tests': False, 'cmake_args': None, 'cmake_clean_cache': False, 'cmake_clean_first': False, 'cmake_force_configure': False, 'cmake_target': None, 'cmake_target_skip_unavailable': False, 'install_base': '/home/ubuntu/hashtag/udemy_project/ros2_workspace/install/my_robot_description', 'merge_install': False, 'path': '/home/ubuntu/hashtag/udemy_project/ros2_workspace/src/my_robot_description', 'symlink_install': False, 'test_result_base': None}
[0.349s] INFO:colcon.colcon_core.executor:Executing jobs using 'parallel' executor
[0.350s] DEBUG:colcon.colcon_parallel_executor.executor.parallel:run_until_complete
[0.350s] INFO:colcon.colcon_ros.task.ament_cmake.build:Building ROS package in '/home/ubuntu/hashtag/udemy_project/ros2_workspace/src/my_robot_description' with build type 'ament_cmake'
[0.351s] INFO:colcon.colcon_cmake.task.cmake.build:Building CMake package in '/home/ubuntu/hashtag/udemy_project/ros2_workspace/src/my_robot_description'
[0.352s] INFO:colcon.colcon_core.plugin_system:Skipping extension 'colcon_core.shell.bat': Not used on non-Windows systems
[0.353s] INFO:colcon.colcon_core.shell:Skip shell extension 'powershell' for command environment: Not usable outside of PowerShell
[0.353s] DEBUG:colcon.colcon_core.shell:Skip shell extension 'dsv' for command environment
[0.364s] DEBUG:colcon.colcon_core.event_handler.log_command:Invoking command in '/home/ubuntu/hashtag/udemy_project/ros2_workspace/build/my_robot_description': CMAKE_PREFIX_PATH=/home/ubuntu/hashtag/ros2_ws/install/my_robot_controller:/opt/ros/humble PROMPT_COMMAND=history -a; history -n; history -a; history -n; /usr/bin/cmake --build /home/ubuntu/hashtag/udemy_project/ros2_workspace/build/my_robot_description -- -j4 -l4
[0.618s] DEBUG:colcon.colcon_core.event_handler.log_command:Invoked command in '/home/ubuntu/hashtag/udemy_project/ros2_workspace/build/my_robot_description' returned '0': CMAKE_PREFIX_PATH=/home/ubuntu/hashtag/ros2_ws/install/my_robot_controller:/opt/ros/humble PROMPT_COMMAND=history -a; history -n; history -a; history -n; /usr/bin/cmake --build /home/ubuntu/hashtag/udemy_project/ros2_workspace/build/my_robot_description -- -j4 -l4
[0.639s] DEBUG:colcon.colcon_core.event_handler.log_command:Invoking command in '/home/ubuntu/hashtag/udemy_project/ros2_workspace/build/my_robot_description': CMAKE_PREFIX_PATH=/home/ubuntu/hashtag/ros2_ws/install/my_robot_controller:/opt/ros/humble PROMPT_COMMAND=history -a; history -n; history -a; history -n; /usr/bin/cmake --install /home/ubuntu/hashtag/udemy_project/ros2_workspace/build/my_robot_description
[0.647s] Level 1:colcon.colcon_core.environment:create_environment_scripts_only(my_robot_description)
[0.648s] DEBUG:colcon.colcon_core.event_handler.log_command:Invoked command in '/home/ubuntu/hashtag/udemy_project/ros2_workspace/build/my_robot_description' returned '0': CMAKE_PREFIX_PATH=/home/ubuntu/hashtag/ros2_ws/install/my_robot_controller:/opt/ros/humble PROMPT_COMMAND=history -a; history -n; history -a; history -n; /usr/bin/cmake --install /home/ubuntu/hashtag/udemy_project/ros2_workspace/build/my_robot_description
[0.650s] Level 1:colcon.colcon_core.environment:checking '/home/ubuntu/hashtag/udemy_project/ros2_workspace/install/my_robot_description' for CMake module files
[0.650s] Level 1:colcon.colcon_core.environment:checking '/home/ubuntu/hashtag/udemy_project/ros2_workspace/install/my_robot_description' for CMake config files
[0.650s] Level 1:colcon.colcon_core.shell:create_environment_hook('my_robot_description', 'cmake_prefix_path')
[0.651s] INFO:colcon.colcon_core.shell:Creating environment hook '/home/ubuntu/hashtag/udemy_project/ros2_workspace/install/my_robot_description/share/my_robot_description/hook/cmake_prefix_path.ps1'
[0.651s] INFO:colcon.colcon_core.shell:Creating environment descriptor '/home/ubuntu/hashtag/udemy_project/ros2_workspace/install/my_robot_description/share/my_robot_description/hook/cmake_prefix_path.dsv'
[0.652s] INFO:colcon.colcon_core.shell:Creating environment hook '/home/ubuntu/hashtag/udemy_project/ros2_workspace/install/my_robot_description/share/my_robot_description/hook/cmake_prefix_path.sh'
[0.652s] Level 1:colcon.colcon_core.environment:checking '/home/ubuntu/hashtag/udemy_project/ros2_workspace/install/my_robot_description/bin'
[0.652s] Level 1:colcon.colcon_core.environment:checking '/home/ubuntu/hashtag/udemy_project/ros2_workspace/install/my_robot_description/lib/pkgconfig/my_robot_description.pc'
[0.653s] Level 1:colcon.colcon_core.environment:checking '/home/ubuntu/hashtag/udemy_project/ros2_workspace/install/my_robot_description/lib/python3.10/site-packages'
[0.653s] Level 1:colcon.colcon_core.environment:checking '/home/ubuntu/hashtag/udemy_project/ros2_workspace/install/my_robot_description/bin'
[0.653s] INFO:colcon.colcon_core.shell:Creating package script '/home/ubuntu/hashtag/udemy_project/ros2_workspace/install/my_robot_description/share/my_robot_description/package.ps1'
[0.654s] INFO:colcon.colcon_core.shell:Creating package descriptor '/home/ubuntu/hashtag/udemy_project/ros2_workspace/install/my_robot_description/share/my_robot_description/package.dsv'
[0.654s] INFO:colcon.colcon_core.shell:Creating package script '/home/ubuntu/hashtag/udemy_project/ros2_workspace/install/my_robot_description/share/my_robot_description/package.sh'
[0.655s] INFO:colcon.colcon_core.shell:Creating package script '/home/ubuntu/hashtag/udemy_project/ros2_workspace/install/my_robot_description/share/my_robot_description/package.bash'
[0.656s] INFO:colcon.colcon_core.shell:Creating package script '/home/ubuntu/hashtag/udemy_project/ros2_workspace/install/my_robot_description/share/my_robot_description/package.zsh'
[0.656s] Level 1:colcon.colcon_core.environment:create_file_with_runtime_dependencies(/home/ubuntu/hashtag/udemy_project/ros2_workspace/install/my_robot_description/share/colcon-core/packages/my_robot_description)
[0.671s] Level 1:colcon.colcon_core.environment:create_environment_scripts_only(my_robot_description)
[0.671s] Level 1:colcon.colcon_core.environment:checking '/home/ubuntu/hashtag/udemy_project/ros2_workspace/install/my_robot_description' for CMake module files
[0.672s] Level 1:colcon.colcon_core.environment:checking '/home/ubuntu/hashtag/udemy_project/ros2_workspace/install/my_robot_description' for CMake config files
[0.672s] Level 1:colcon.colcon_core.shell:create_environment_hook('my_robot_description', 'cmake_prefix_path')
[0.672s] INFO:colcon.colcon_core.shell:Creating environment hook '/home/ubuntu/hashtag/udemy_project/ros2_workspace/install/my_robot_description/share/my_robot_description/hook/cmake_prefix_path.ps1'
[0.672s] INFO:colcon.colcon_core.shell:Creating environment descriptor '/home/ubuntu/hashtag/udemy_project/ros2_workspace/install/my_robot_description/share/my_robot_description/hook/cmake_prefix_path.dsv'
[0.673s] INFO:colcon.colcon_core.shell:Creating environment hook '/home/ubuntu/hashtag/udemy_project/ros2_workspace/install/my_robot_description/share/my_robot_description/hook/cmake_prefix_path.sh'
[0.673s] Level 1:colcon.colcon_core.environment:checking '/home/ubuntu/hashtag/udemy_project/ros2_workspace/install/my_robot_description/bin'
[0.673s] Level 1:colcon.colcon_core.environment:checking '/home/ubuntu/hashtag/udemy_project/ros2_workspace/install/my_robot_description/lib/pkgconfig/my_robot_description.pc'
[0.674s] Level 1:colcon.colcon_core.environment:checking '/home/ubuntu/hashtag/udemy_project/ros2_workspace/install/my_robot_description/lib/python3.10/site-packages'
[0.674s] Level 1:colcon.colcon_core.environment:checking '/home/ubuntu/hashtag/udemy_project/ros2_workspace/install/my_robot_description/bin'
[0.674s] INFO:colcon.colcon_core.shell:Creating package script '/home/ubuntu/hashtag/udemy_project/ros2_workspace/install/my_robot_description/share/my_robot_description/package.ps1'
[0.674s] INFO:colcon.colcon_core.shell:Creating package descriptor '/home/ubuntu/hashtag/udemy_project/ros2_workspace/install/my_robot_description/share/my_robot_description/package.dsv'
[0.675s] INFO:colcon.colcon_core.shell:Creating package script '/home/ubuntu/hashtag/udemy_project/ros2_workspace/install/my_robot_description/share/my_robot_description/package.sh'
[0.675s] INFO:colcon.colcon_core.shell:Creating package script '/home/ubuntu/hashtag/udemy_project/ros2_workspace/install/my_robot_description/share/my_robot_description/package.bash'
[0.676s] INFO:colcon.colcon_core.shell:Creating package script '/home/ubuntu/hashtag/udemy_project/ros2_workspace/install/my_robot_description/share/my_robot_description/package.zsh'
[0.676s] Level 1:colcon.colcon_core.environment:create_file_with_runtime_dependencies(/home/ubuntu/hashtag/udemy_project/ros2_workspace/install/my_robot_description/share/colcon-core/packages/my_robot_description)
[0.676s] DEBUG:colcon.colcon_parallel_executor.executor.parallel:closing loop
[0.677s] DEBUG:colcon.colcon_parallel_executor.executor.parallel:loop closed
[0.677s] DEBUG:colcon.colcon_parallel_executor.executor.parallel:run_until_complete finished with '0'
[0.677s] DEBUG:colcon.colcon_core.event_reactor:joining thread
[0.691s] INFO:colcon.colcon_core.plugin_system:Skipping extension 'colcon_notification.desktop_notification.terminal_notifier': Not used on non-Darwin systems
[0.691s] INFO:colcon.colcon_core.plugin_system:Skipping extension 'colcon_notification.desktop_notification.win32': Not used on non-Windows systems
[0.691s] INFO:colcon.colcon_notification.desktop_notification:Sending desktop notification using 'notify2'
[0.716s] DEBUG:colcon.colcon_core.event_reactor:joined thread
[0.716s] INFO:colcon.colcon_core.shell:Creating prefix script '/home/ubuntu/hashtag/udemy_project/ros2_workspace/install/local_setup.ps1'
[0.718s] INFO:colcon.colcon_core.shell:Creating prefix util module '/home/ubuntu/hashtag/udemy_project/ros2_workspace/install/_local_setup_util_ps1.py'
[0.719s] INFO:colcon.colcon_core.shell:Creating prefix chain script '/home/ubuntu/hashtag/udemy_project/ros2_workspace/install/setup.ps1'
[0.720s] INFO:colcon.colcon_core.shell:Creating prefix script '/home/ubuntu/hashtag/udemy_project/ros2_workspace/install/local_setup.sh'
[0.721s] INFO:colcon.colcon_core.shell:Creating prefix util module '/home/ubuntu/hashtag/udemy_project/ros2_workspace/install/_local_setup_util_sh.py'
[0.721s] INFO:colcon.colcon_core.shell:Creating prefix chain script '/home/ubuntu/hashtag/udemy_project/ros2_workspace/install/setup.sh'
[0.723s] INFO:colcon.colcon_core.shell:Creating prefix script '/home/ubuntu/hashtag/udemy_project/ros2_workspace/install/local_setup.bash'
[0.723s] INFO:colcon.colcon_core.shell:Creating prefix chain script '/home/ubuntu/hashtag/udemy_project/ros2_workspace/install/setup.bash'
[0.724s] INFO:colcon.colcon_core.shell:Creating prefix script '/home/ubuntu/hashtag/udemy_project/ros2_workspace/install/local_setup.zsh'
[0.725s] INFO:colcon.colcon_core.shell:Creating prefix chain script '/home/ubuntu/hashtag/udemy_project/ros2_workspace/install/setup.zsh'
