[0.014s] Invoking command in '/home/ubuntu/hashtag/udemy_project/ros2_workspace/build/my_robot_description': CMAKE_PREFIX_PATH=${CMAKE_PREFIX_PATH}:/home/ubuntu/hashtag/ros2_ws/install/my_robot_controller:/opt/ros/humble PROMPT_COMMAND=history -a; history -n; history -a; history -n; history -a; history -n; history -a; history -n; /usr/bin/cmake --build /home/ubuntu/hashtag/udemy_project/ros2_workspace/build/my_robot_description -- -j4 -l4
[0.044s] -- Found ament_cmake: 1.3.9 (/opt/ros/humble/share/ament_cmake/cmake)
[0.228s] -- Configuring done
[0.233s] -- Generating done
[0.235s] -- Build files have been written to: /home/ubuntu/hashtag/udemy_project/ros2_workspace/build/my_robot_description
[0.250s] Invoked command in '/home/ubuntu/hashtag/udemy_project/ros2_workspace/build/my_robot_description' returned '0': CMAKE_PREFIX_PATH=${CMAKE_PREFIX_PATH}:/home/ubuntu/hashtag/ros2_ws/install/my_robot_controller:/opt/ros/humble PROMPT_COMMAND=history -a; history -n; history -a; history -n; history -a; history -n; history -a; history -n; /usr/bin/cmake --build /home/ubuntu/hashtag/udemy_project/ros2_workspace/build/my_robot_description -- -j4 -l4
[0.274s] Invoking command in '/home/ubuntu/hashtag/udemy_project/ros2_workspace/build/my_robot_description': CMAKE_PREFIX_PATH=${CMAKE_PREFIX_PATH}:/home/ubuntu/hashtag/ros2_ws/install/my_robot_controller:/opt/ros/humble PROMPT_COMMAND=history -a; history -n; history -a; history -n; history -a; history -n; history -a; history -n; /usr/bin/cmake --install /home/ubuntu/hashtag/udemy_project/ros2_workspace/build/my_robot_description
[0.279s] -- Install configuration: ""
[0.279s] -- Up-to-date: /home/ubuntu/hashtag/udemy_project/ros2_workspace/install/my_robot_description/share/my_robot_description//urdf
[0.280s] -- Up-to-date: /home/ubuntu/hashtag/udemy_project/ros2_workspace/install/my_robot_description/share/my_robot_description//urdf/my_robot.urdf
[0.280s] -- Up-to-date: /home/ubuntu/hashtag/udemy_project/ros2_workspace/install/my_robot_description/share/my_robot_description//launch
[0.280s] -- Installing: /home/ubuntu/hashtag/udemy_project/ros2_workspace/install/my_robot_description/share/my_robot_description//launch/display.launch.xml
[0.282s] -- Installing: /home/ubuntu/hashtag/udemy_project/ros2_workspace/install/my_robot_description/share/my_robot_description//rviz
[0.282s] -- Installing: /home/ubuntu/hashtag/udemy_project/ros2_workspace/install/my_robot_description/share/my_robot_description//rviz/urdf_config.rviz
[0.282s] -- Up-to-date: /home/ubuntu/hashtag/udemy_project/ros2_workspace/install/my_robot_description/share/ament_index/resource_index/package_run_dependencies/my_robot_description
[0.282s] -- Installing: /home/ubuntu/hashtag/udemy_project/ros2_workspace/install/my_robot_description/share/ament_index/resource_index/parent_prefix_path/my_robot_description
[0.282s] -- Up-to-date: /home/ubuntu/hashtag/udemy_project/ros2_workspace/install/my_robot_description/share/my_robot_description/environment/ament_prefix_path.sh
[0.282s] -- Installing: /home/ubuntu/hashtag/udemy_project/ros2_workspace/install/my_robot_description/share/my_robot_description/environment/ament_prefix_path.dsv
[0.282s] -- Up-to-date: /home/ubuntu/hashtag/udemy_project/ros2_workspace/install/my_robot_description/share/my_robot_description/environment/path.sh
[0.282s] -- Installing: /home/ubuntu/hashtag/udemy_project/ros2_workspace/install/my_robot_description/share/my_robot_description/environment/path.dsv
[0.282s] -- Up-to-date: /home/ubuntu/hashtag/udemy_project/ros2_workspace/install/my_robot_description/share/my_robot_description/local_setup.bash
[0.282s] -- Up-to-date: /home/ubuntu/hashtag/udemy_project/ros2_workspace/install/my_robot_description/share/my_robot_description/local_setup.sh
[0.282s] -- Up-to-date: /home/ubuntu/hashtag/udemy_project/ros2_workspace/install/my_robot_description/share/my_robot_description/local_setup.zsh
[0.283s] -- Installing: /home/ubuntu/hashtag/udemy_project/ros2_workspace/install/my_robot_description/share/my_robot_description/local_setup.dsv
[0.283s] -- Installing: /home/ubuntu/hashtag/udemy_project/ros2_workspace/install/my_robot_description/share/my_robot_description/package.dsv
[0.283s] -- Up-to-date: /home/ubuntu/hashtag/udemy_project/ros2_workspace/install/my_robot_description/share/ament_index/resource_index/packages/my_robot_description
[0.283s] -- Up-to-date: /home/ubuntu/hashtag/udemy_project/ros2_workspace/install/my_robot_description/share/my_robot_description/cmake/my_robot_descriptionConfig.cmake
[0.283s] -- Up-to-date: /home/ubuntu/hashtag/udemy_project/ros2_workspace/install/my_robot_description/share/my_robot_description/cmake/my_robot_descriptionConfig-version.cmake
[0.283s] -- Up-to-date: /home/ubuntu/hashtag/udemy_project/ros2_workspace/install/my_robot_description/share/my_robot_description/package.xml
[0.284s] Invoked command in '/home/ubuntu/hashtag/udemy_project/ros2_workspace/build/my_robot_description' returned '0': CMAKE_PREFIX_PATH=${CMAKE_PREFIX_PATH}:/home/ubuntu/hashtag/ros2_ws/install/my_robot_controller:/opt/ros/humble PROMPT_COMMAND=history -a; history -n; history -a; history -n; history -a; history -n; history -a; history -n; /usr/bin/cmake --install /home/ubuntu/hashtag/udemy_project/ros2_workspace/build/my_robot_description
